
2015-03-20 12:56:36
[INFO]-[Thread: qtp1557786708-23]-[PS.admin.service.SelectSvService.getDBInfo()]: http://192.168.11.109:8080/PSServer/GetIP.do

2015-03-20 12:56:38
[INFO]-[Thread: qtp1557786708-23]-[PS.admin.tools.CommonUtil.getPSDataStream()]: http://192.168.11.109:8080/PSServer/GetIP.do连接超时!

2015-03-20 12:56:38
[INFO]-[Thread: qtp1557786708-23]-[PS.admin.service.SelectSvService.getDBInfo()]: dis = null

2015-03-20 12:56:42
[INFO]-[Thread: qtp1557786708-20]-[PS.admin.service.SelectSvService.getDBInfo()]: http://192.168.11.110:8080/PSServer/GetIP.do

2015-03-20 12:56:44
[INFO]-[Thread: qtp1557786708-20]-[PS.admin.tools.CommonUtil.getPSDataStream()]: http://192.168.11.110:8080/PSServer/GetIP.do连接超时!

2015-03-20 12:56:44
[INFO]-[Thread: qtp1557786708-20]-[PS.admin.service.SelectSvService.getDBInfo()]: dis = null

2015-03-20 12:56:52
[INFO]-[Thread: qtp1557786708-24]-[PS.admin.service.SelectSvService.getDBInfo()]: http://192.168.11.109:8080/PSServer/GetIP.do

2015-03-20 12:56:54
[INFO]-[Thread: qtp1557786708-24]-[PS.admin.tools.CommonUtil.getPSDataStream()]: http://192.168.11.109:8080/PSServer/GetIP.do连接超时!

2015-03-20 12:56:54
[INFO]-[Thread: qtp1557786708-24]-[PS.admin.service.SelectSvService.getDBInfo()]: dis = null

2015-03-20 12:56:59
[INFO]-[Thread: qtp1557786708-23]-[PS.admin.service.SelectSvService.getDBInfo()]: http://192.168.11.112:8080/PSServer/GetIP.do

2015-03-20 12:57:01
[INFO]-[Thread: qtp1557786708-23]-[PS.admin.tools.CommonUtil.getPSDataStream()]: http://192.168.11.112:8080/PSServer/GetIP.do连接超时!

2015-03-20 12:57:01
[INFO]-[Thread: qtp1557786708-23]-[PS.admin.service.SelectSvService.getDBInfo()]: dis = null

2015-03-20 12:57:06
[INFO]-[Thread: qtp1557786708-21]-[PS.admin.service.SelectSvService.getDBInfo()]: http://192.168.11.113:8080/PSServer/GetIP.do

2015-03-20 12:57:08
[INFO]-[Thread: qtp1557786708-21]-[PS.admin.tools.CommonUtil.getPSDataStream()]: http://192.168.11.113:8080/PSServer/GetIP.do连接超时!

2015-03-20 12:57:08
[INFO]-[Thread: qtp1557786708-21]-[PS.admin.service.SelectSvService.getDBInfo()]: dis = null

2015-03-20 12:57:12
[INFO]-[Thread: qtp1557786708-19]-[PS.admin.service.SelectSvService.getDBInfo()]: http://192.168.11.114:8080/PSServer/GetIP.do

2015-03-20 12:57:14
[INFO]-[Thread: qtp1557786708-19]-[PS.admin.tools.CommonUtil.getPSDataStream()]: http://192.168.11.114:8080/PSServer/GetIP.do连接超时!

2015-03-20 12:57:14
[INFO]-[Thread: qtp1557786708-19]-[PS.admin.service.SelectSvService.getDBInfo()]: dis = null

2015-03-20 12:57:22
[INFO]-[Thread: qtp1557786708-21]-[PS.admin.service.SelectSvService.getDBInfo()]: http://192.168.15.7:8081/PSServer/GetIP.do

2015-03-20 12:57:22
[INFO]-[Thread: qtp1557786708-21]-[PS.admin.service.SelectSvService.getDBInfo()]: 192.168.15.7:3306/pslog-----------192.168.15.7:3306/psworld

2015-03-20 12:57:22
[INFO]-[Thread: qtp1557786708-21]-[PS.admin.controller.SelectServerController.templateMethod()]: {}

2015-03-20 12:57:22
[INFO]-[Thread: qtp1557786708-21]-[PS.admin.tools.CommonUtil.connectLogDB()]: url=jdbc:mysql://192.168.15.7:3306/psloguser=rootpsw=root

2015-03-20 12:57:28
[INFO]-[Thread: qtp1557786708-21]-[PS.admin.tools.CommonUtil.connectLogDB()]: 连接--3_logdb--成功

2015-03-20 12:57:28
[INFO]-[Thread: qtp1557786708-21]-[PS.admin.tools.CommonUtil.connectGameDB()]: url=jdbc:mysql://192.168.15.7:3306/psworld

2015-03-20 12:57:28
[INFO]-[Thread: qtp1557786708-21]-[PS.admin.tools.CommonUtil.connectGameDB()]: 连接--3_gamedb--成功

2015-03-20 12:57:51
[INFO]-[Thread: pool-1-thread-1]-[PS.admin.tools.CommonUtil.getLogTable()]: table_name = Table_GameLog_2015_3_11

2015-03-20 12:57:51
[INFO]-[Thread: pool-1-thread-1]-[PS.admin.service.ViewRetentionService.getMembersLastlogin()]: ls = [1426670195, 1426212598, 1426583275]

2015-03-20 12:57:51
[INFO]-[Thread: pool-1-thread-1]-[PS.admin.tools.CommonUtil.getLogTable()]: table_name = Table_GameLog_2015_3_11

2015-03-20 12:57:53
[INFO]-[Thread: pool-2-thread-1]-[PS.admin.tools.CommonUtil.getLogTable()]: table_name = Table_GameLog_2015_3_11

2015-03-20 12:57:53
[INFO]-[Thread: pool-2-thread-1]-[PS.admin.service.ViewRetentionService.getMembersLastlogin()]: ls = [1426670195, 1426212598, 1426583275]

2015-03-20 12:57:53
[INFO]-[Thread: pool-2-thread-1]-[PS.admin.tools.CommonUtil.getLogTable()]: table_name = Table_GameLog_2015_3_11

2015-03-20 12:57:54
[INFO]-[Thread: pool-3-thread-1]-[PS.admin.tools.CommonUtil.getLogTable()]: table_name = Table_GameLog_2015_3_11

2015-03-20 12:57:54
[INFO]-[Thread: pool-3-thread-1]-[PS.admin.service.ViewRetentionService.getMembersLastlogin()]: ls = [1426670195, 1426212598, 1426583275]

2015-03-20 12:57:54
[INFO]-[Thread: pool-3-thread-1]-[PS.admin.tools.CommonUtil.getLogTable()]: table_name = Table_GameLog_2015_3_11

2015-03-20 12:57:54
[INFO]-[Thread: pool-4-thread-1]-[PS.admin.tools.CommonUtil.getLogTable()]: table_name = Table_GameLog_2015_3_11

2015-03-20 12:57:54
[INFO]-[Thread: pool-4-thread-1]-[PS.admin.service.ViewRetentionService.getMembersLastlogin()]: ls = [1426670195, 1426212598, 1426583275]

2015-03-20 12:57:54
[INFO]-[Thread: pool-4-thread-1]-[PS.admin.tools.CommonUtil.getLogTable()]: table_name = Table_GameLog_2015_3_11

2015-03-20 12:57:54
[INFO]-[Thread: pool-5-thread-1]-[PS.admin.tools.CommonUtil.getLogTable()]: table_name = Table_GameLog_2015_3_11

2015-03-20 12:57:54
[INFO]-[Thread: pool-5-thread-1]-[PS.admin.service.ViewRetentionService.getMembersLastlogin()]: ls = [1426670195, 1426212598, 1426583275]

2015-03-20 12:57:54
[INFO]-[Thread: pool-5-thread-1]-[PS.admin.tools.CommonUtil.getLogTable()]: table_name = Table_GameLog_2015_3_11

2015-03-20 12:57:54
[INFO]-[Thread: pool-6-thread-1]-[PS.admin.tools.CommonUtil.getLogTable()]: table_name = Table_GameLog_2015_3_11

2015-03-20 12:57:54
[INFO]-[Thread: pool-6-thread-1]-[PS.admin.service.ViewRetentionService.getMembersLastlogin()]: ls = [1426670195, 1426212598, 1426583275]

2015-03-20 12:57:54
[INFO]-[Thread: pool-6-thread-1]-[PS.admin.tools.CommonUtil.getLogTable()]: table_name = Table_GameLog_2015_3_11

2015-03-20 12:57:54
[INFO]-[Thread: pool-7-thread-1]-[PS.admin.tools.CommonUtil.getLogTable()]: table_name = Table_GameLog_2015_3_11

2015-03-20 12:57:54
[INFO]-[Thread: pool-7-thread-1]-[PS.admin.service.ViewRetentionService.getMembersLastlogin()]: ls = [1426670195, 1426212598, 1426583275]

2015-03-20 12:57:54
[INFO]-[Thread: pool-7-thread-1]-[PS.admin.tools.CommonUtil.getLogTable()]: table_name = Table_GameLog_2015_3_11

2015-03-20 12:57:55
[INFO]-[Thread: pool-8-thread-1]-[PS.admin.tools.CommonUtil.getLogTable()]: table_name = Table_GameLog_2015_3_11

2015-03-20 12:57:55
[INFO]-[Thread: pool-8-thread-1]-[PS.admin.service.ViewRetentionService.getMembersLastlogin()]: ls = [1426670195, 1426212598, 1426583275]

2015-03-20 12:57:55
[INFO]-[Thread: pool-8-thread-1]-[PS.admin.tools.CommonUtil.getLogTable()]: table_name = Table_GameLog_2015_3_11

2015-03-20 12:57:55
[INFO]-[Thread: pool-9-thread-1]-[PS.admin.tools.CommonUtil.getLogTable()]: table_name = Table_GameLog_2015_3_11

2015-03-20 12:57:55
[INFO]-[Thread: pool-9-thread-1]-[PS.admin.service.ViewRetentionService.getMembersLastlogin()]: ls = [1426670195, 1426212598, 1426583275]

2015-03-20 12:57:55
[INFO]-[Thread: pool-9-thread-1]-[PS.admin.tools.CommonUtil.getLogTable()]: table_name = Table_GameLog_2015_3_11

2015-03-20 12:57:55
[INFO]-[Thread: pool-10-thread-1]-[PS.admin.tools.CommonUtil.getLogTable()]: table_name = Table_GameLog_2015_3_11

2015-03-20 12:57:55
[INFO]-[Thread: pool-10-thread-1]-[PS.admin.service.ViewRetentionService.getMembersLastlogin()]: ls = [1426670195, 1426212598, 1426583275]

2015-03-20 12:57:55
[INFO]-[Thread: pool-10-thread-1]-[PS.admin.tools.CommonUtil.getLogTable()]: table_name = Table_GameLog_2015_3_11

2015-03-20 12:57:55
[INFO]-[Thread: pool-11-thread-1]-[PS.admin.tools.CommonUtil.getLogTable()]: table_name = Table_GameLog_2015_3_11

2015-03-20 12:57:55
[INFO]-[Thread: pool-11-thread-1]-[PS.admin.service.ViewRetentionService.getMembersLastlogin()]: ls = [1426670195, 1426212598, 1426583275]

2015-03-20 12:57:55
[INFO]-[Thread: pool-11-thread-1]-[PS.admin.tools.CommonUtil.getLogTable()]: table_name = Table_GameLog_2015_3_11

2015-03-20 12:57:55
[INFO]-[Thread: pool-12-thread-1]-[PS.admin.tools.CommonUtil.getLogTable()]: table_name = Table_GameLog_2015_3_11

2015-03-20 12:57:55
[INFO]-[Thread: pool-12-thread-1]-[PS.admin.service.ViewRetentionService.getMembersLastlogin()]: ls = [1426670195, 1426212598, 1426583275]

2015-03-20 12:57:55
[INFO]-[Thread: pool-12-thread-1]-[PS.admin.tools.CommonUtil.getLogTable()]: table_name = Table_GameLog_2015_3_11

2015-03-20 12:57:55
[INFO]-[Thread: pool-13-thread-1]-[PS.admin.tools.CommonUtil.getLogTable()]: table_name = Table_GameLog_2015_3_11

2015-03-20 12:57:55
[INFO]-[Thread: pool-13-thread-1]-[PS.admin.service.ViewRetentionService.getMembersLastlogin()]: ls = [1426670195, 1426212598, 1426583275]

2015-03-20 12:57:55
[INFO]-[Thread: pool-13-thread-1]-[PS.admin.tools.CommonUtil.getLogTable()]: table_name = Table_GameLog_2015_3_11

2015-03-20 12:58:03
[INFO]-[Thread: pool-14-thread-1]-[PS.admin.tools.CommonUtil.getLogTable()]: table_name = Table_GameLog_2015_3_7

2015-03-20 12:58:03
[INFO]-[Thread: pool-14-thread-1]-[PS.admin.service.ViewRetentionService.getMembersLastlogin()]: ls = [1426147914, 1425727964, 1425866701, 1426665733, 1425726594, 1425866715, 1425866728, 1426670177, 1426152867, 1426490234]

2015-03-20 12:58:03
[INFO]-[Thread: pool-14-thread-1]-[PS.admin.tools.CommonUtil.getLogTable()]: table_name = Table_GameLog_2015_3_7

2015-03-20 12:58:13
[INFO]-[Thread: pool-15-thread-1]-[PS.admin.tools.CommonUtil.getLogTable()]: table_name = Table_GameLog_2015_3_15

2015-03-20 12:58:13
[INFO]-[Thread: pool-15-thread-1]-[PS.admin.tools.CommonUtil.getLogTable()]: table_name = Table_GameLog_2015_3_15

2015-03-20 12:58:23
[INFO]-[Thread: qtp1557786708-23]-[PS.admin.service.ViewSingleLogService.viewSingleLog()]: [Fri Mar 06 00:00:00 CST 2015, Sat Mar 07 00:00:00 CST 2015, Sun Mar 08 00:00:00 CST 2015, Mon Mar 09 00:00:00 CST 2015, Tue Mar 10 00:00:00 CST 2015, Wed Mar 11 00:00:00 CST 2015, Thu Mar 12 00:00:00 CST 2015, Fri Mar 13 00:00:00 CST 2015, Sat Mar 14 00:00:00 CST 2015, Sun Mar 15 00:00:00 CST 2015, Mon Mar 16 00:00:00 CST 2015, Tue Mar 17 00:00:00 CST 2015, Wed Mar 18 00:00:00 CST 2015, Thu Mar 19 00:00:00 CST 2015]

2015-03-20 12:58:23
[INFO]-[Thread: pool-16-thread-1]-[PS.admin.tools.CommonUtil.getLogTable()]: table_name = Table_GameLog_2015_3_6

2015-03-20 12:58:23
[INFO]-[Thread: pool-16-thread-1]-[PS.admin.tools.CommonUtil.getLogTable()]: table_name = Table_GameLog_2015_3_7

2015-03-20 12:58:23
[INFO]-[Thread: pool-16-thread-1]-[PS.admin.tools.CommonUtil.getLogTable()]: table_name = Table_GameLog_2015_3_8

2015-03-20 12:58:23
[INFO]-[Thread: pool-16-thread-1]-[PS.admin.tools.CommonUtil.getLogTable()]: table_name = Table_GameLog_2015_3_9

2015-03-20 12:58:23
[INFO]-[Thread: pool-16-thread-1]-[PS.admin.tools.CommonUtil.getLogTable()]: table_name = Table_GameLog_2015_3_10

2015-03-20 12:58:23
[INFO]-[Thread: pool-16-thread-1]-[PS.admin.tools.CommonUtil.getLogTable()]: table_name = Table_GameLog_2015_3_11

2015-03-20 12:58:23
[INFO]-[Thread: pool-16-thread-1]-[PS.admin.tools.CommonUtil.getLogTable()]: table_name = Table_GameLog_2015_3_12

2015-03-20 12:58:23
[INFO]-[Thread: pool-16-thread-1]-[PS.admin.tools.CommonUtil.getLogTable()]: table_name = Table_GameLog_2015_3_13

2015-03-20 12:58:23
[INFO]-[Thread: pool-16-thread-1]-[PS.admin.tools.CommonUtil.getLogTable()]: table_name = Table_GameLog_2015_3_14

2015-03-20 12:58:23
[INFO]-[Thread: pool-16-thread-1]-[PS.admin.tools.CommonUtil.getLogTable()]: table_name = Table_GameLog_2015_3_15

2015-03-20 12:58:23
[INFO]-[Thread: pool-16-thread-1]-[PS.admin.tools.CommonUtil.getLogTable()]: table_name = Table_GameLog_2015_3_16

2015-03-20 12:58:23
[INFO]-[Thread: pool-16-thread-1]-[PS.admin.tools.CommonUtil.getLogTable()]: table_name = Table_GameLog_2015_3_17

2015-03-20 12:58:23
[INFO]-[Thread: pool-16-thread-1]-[PS.admin.tools.CommonUtil.getLogTable()]: table_name = Table_GameLog_2015_3_18

2015-03-20 12:58:23
[INFO]-[Thread: pool-16-thread-1]-[PS.admin.tools.CommonUtil.getLogTable()]: table_name = Table_GameLog_2015_3_19

2015-03-20 12:58:42
[INFO]-[Thread: qtp1557786708-19]-[PS.admin.service.SelectSvService.getDBInfo()]: http://192.168.11.114:8080/PSServer/GetIP.do

2015-03-20 12:58:42
[INFO]-[Thread: qtp1557786708-19]-[PS.admin.service.SelectSvService.getDBInfo()]: 192.168.11.114:3306/pslog-----------192.168.11.114:3306/psworld

2015-03-20 12:58:42
[INFO]-[Thread: qtp1557786708-19]-[PS.admin.controller.SelectServerController.templateMethod()]: {3=true}

2015-03-20 12:58:42
[INFO]-[Thread: qtp1557786708-19]-[PS.admin.tools.CommonUtil.connectLogDB()]: url=jdbc:mysql://192.168.11.114:3306/psloguser=rootpsw=0393580423

2015-03-20 12:58:42
[INFO]-[Thread: qtp1557786708-19]-[PS.admin.tools.CommonUtil.connectLogDB()]: 连接--6_logdb--成功

2015-03-20 12:58:42
[INFO]-[Thread: qtp1557786708-19]-[PS.admin.tools.CommonUtil.connectGameDB()]: url=jdbc:mysql://192.168.11.114:3306/psworld

2015-03-20 12:58:42
[INFO]-[Thread: qtp1557786708-19]-[PS.admin.tools.CommonUtil.connectGameDB()]: 连接--6_gamedb--成功

2015-03-20 12:58:49
[INFO]-[Thread: pool-17-thread-1]-[PS.admin.tools.CommonUtil.getLogTable()]: table_name = Table_GameLog_2015_3_5

2015-03-20 12:58:49
[INFO]-[Thread: pool-17-thread-1]-[PS.admin.tools.CommonUtil.getLogTable()]: table_name = Table_GameLog_2015_3_5

2015-03-20 12:58:50
[INFO]-[Thread: pool-18-thread-1]-[PS.admin.tools.CommonUtil.getLogTable()]: table_name = Table_GameLog_2015_3_5

2015-03-20 12:58:50
[INFO]-[Thread: pool-18-thread-1]-[PS.admin.tools.CommonUtil.getLogTable()]: table_name = Table_GameLog_2015_3_5

2015-03-20 12:58:50
[INFO]-[Thread: pool-19-thread-1]-[PS.admin.tools.CommonUtil.getLogTable()]: table_name = Table_GameLog_2015_3_5

2015-03-20 12:58:50
[INFO]-[Thread: pool-19-thread-1]-[PS.admin.tools.CommonUtil.getLogTable()]: table_name = Table_GameLog_2015_3_5

2015-03-20 12:58:50
[INFO]-[Thread: pool-20-thread-1]-[PS.admin.tools.CommonUtil.getLogTable()]: table_name = Table_GameLog_2015_3_5

2015-03-20 12:58:50
[INFO]-[Thread: pool-20-thread-1]-[PS.admin.tools.CommonUtil.getLogTable()]: table_name = Table_GameLog_2015_3_5

2015-03-20 12:58:50
[INFO]-[Thread: pool-21-thread-1]-[PS.admin.tools.CommonUtil.getLogTable()]: table_name = Table_GameLog_2015_3_5

2015-03-20 12:58:50
[INFO]-[Thread: pool-21-thread-1]-[PS.admin.tools.CommonUtil.getLogTable()]: table_name = Table_GameLog_2015_3_5

2015-03-20 12:58:51
[INFO]-[Thread: pool-22-thread-1]-[PS.admin.tools.CommonUtil.getLogTable()]: table_name = Table_GameLog_2015_3_5

2015-03-20 12:58:51
[INFO]-[Thread: pool-22-thread-1]-[PS.admin.tools.CommonUtil.getLogTable()]: table_name = Table_GameLog_2015_3_5

2015-03-20 12:58:51
[INFO]-[Thread: pool-23-thread-1]-[PS.admin.tools.CommonUtil.getLogTable()]: table_name = Table_GameLog_2015_3_5

2015-03-20 12:58:51
[INFO]-[Thread: pool-23-thread-1]-[PS.admin.tools.CommonUtil.getLogTable()]: table_name = Table_GameLog_2015_3_5

2015-03-20 12:58:51
[INFO]-[Thread: pool-24-thread-1]-[PS.admin.tools.CommonUtil.getLogTable()]: table_name = Table_GameLog_2015_3_5

2015-03-20 12:58:51
[INFO]-[Thread: pool-24-thread-1]-[PS.admin.tools.CommonUtil.getLogTable()]: table_name = Table_GameLog_2015_3_5

2015-03-20 12:58:51
[INFO]-[Thread: pool-25-thread-1]-[PS.admin.tools.CommonUtil.getLogTable()]: table_name = Table_GameLog_2015_3_5

2015-03-20 12:58:51
[INFO]-[Thread: pool-25-thread-1]-[PS.admin.tools.CommonUtil.getLogTable()]: table_name = Table_GameLog_2015_3_5

2015-03-20 12:58:51
[INFO]-[Thread: pool-26-thread-1]-[PS.admin.tools.CommonUtil.getLogTable()]: table_name = Table_GameLog_2015_3_5

2015-03-20 12:58:51
[INFO]-[Thread: pool-26-thread-1]-[PS.admin.tools.CommonUtil.getLogTable()]: table_name = Table_GameLog_2015_3_5

2015-03-20 12:58:51
[INFO]-[Thread: pool-27-thread-1]-[PS.admin.tools.CommonUtil.getLogTable()]: table_name = Table_GameLog_2015_3_5

2015-03-20 12:58:51
[INFO]-[Thread: pool-27-thread-1]-[PS.admin.tools.CommonUtil.getLogTable()]: table_name = Table_GameLog_2015_3_5

2015-03-20 12:59:01
[ERROR]-[Thread: qtp1557786708-24]-[PS.admin.tools.ToolDateTime.parse()]: ToolDateTime.parse异常：date值，pattern值yyyy-MM-dd HH:mm:ss

2015-03-20 12:59:01
[ERROR]-[Thread: qtp1557786708-24]-[PS.admin.tools.ToolDateTime.parse()]: ToolDateTime.parse异常：date值，pattern值yyyy-MM-dd HH:mm:ss

2015-03-20 12:59:01
[ERROR]-[Thread: qtp1557786708-24]-[PS.admin.interceptor.AuthenticationInterceptor.intercept()]: exception
java.lang.NullPointerException
	at java.util.Calendar.setTime(Calendar.java:1106)
	at PS.admin.tools.ToolDateTime.getDateSplit(ToolDateTime.java:207)
	at PS.admin.service.ViewMultiLogService.viewMultiLog(ViewMultiLogService.java:21)
	at PS.admin.controller.viewMultiLogController.templateFunctionMethod(viewMultiLogController.java:23)
	at PS.admin.controller.BaseFunctionController.templateMethod(BaseFunctionController.java:17)
	at PS.admin.controller.BaseController.baseIndex(BaseController.java:58)
	at PS.admin.controller.viewMultiLogController.index(viewMultiLogController.java:11)
	at sun.reflect.NativeMethodAccessorImpl.invoke0(Native Method)
	at sun.reflect.NativeMethodAccessorImpl.invoke(NativeMethodAccessorImpl.java:57)
	at sun.reflect.DelegatingMethodAccessorImpl.invoke(DelegatingMethodAccessorImpl.java:43)
	at java.lang.reflect.Method.invoke(Method.java:606)
	at com.jfinal.core.ActionInvocation.invoke(ActionInvocation.java:55)
	at com.jfinal.ext.interceptor.SessionInViewInterceptor.intercept(SessionInViewInterceptor.java:44)
	at com.jfinal.core.ActionInvocation.invoke(ActionInvocation.java:51)
	at PS.admin.interceptor.AuthenticationInterceptor.intercept(AuthenticationInterceptor.java:17)
	at com.jfinal.core.ActionInvocation.invoke(ActionInvocation.java:51)
	at com.jfinal.core.ActionHandler.handle(ActionHandler.java:73)
	at com.jfinal.ext.handler.ContextPathHandler.handle(ContextPathHandler.java:47)
	at com.jfinal.core.JFinalFilter.doFilter(JFinalFilter.java:72)
	at org.eclipse.jetty.servlet.ServletHandler$CachedChain.doFilter(ServletHandler.java:1307)
	at org.eclipse.jetty.servlet.ServletHandler.doHandle(ServletHandler.java:453)
	at org.eclipse.jetty.server.handler.ScopedHandler.handle(ScopedHandler.java:137)
	at org.eclipse.jetty.security.SecurityHandler.handle(SecurityHandler.java:560)
	at org.eclipse.jetty.server.session.SessionHandler.doHandle(SessionHandler.java:231)
	at org.eclipse.jetty.server.handler.ContextHandler.doHandle(ContextHandler.java:1072)
	at org.eclipse.jetty.servlet.ServletHandler.doScope(ServletHandler.java:382)
	at org.eclipse.jetty.server.session.SessionHandler.doScope(SessionHandler.java:193)
	at org.eclipse.jetty.server.handler.ContextHandler.doScope(ContextHandler.java:1006)
	at org.eclipse.jetty.server.handler.ScopedHandler.handle(ScopedHandler.java:135)
	at org.eclipse.jetty.server.handler.ContextHandlerCollection.handle(ContextHandlerCollection.java:255)
	at org.eclipse.jetty.server.handler.HandlerCollection.handle(HandlerCollection.java:154)
	at org.eclipse.jetty.server.handler.HandlerWrapper.handle(HandlerWrapper.java:116)
	at org.eclipse.jetty.server.Server.handle(Server.java:365)
	at org.eclipse.jetty.server.AbstractHttpConnection.handleRequest(AbstractHttpConnection.java:485)
	at org.eclipse.jetty.server.AbstractHttpConnection.content(AbstractHttpConnection.java:937)
	at org.eclipse.jetty.server.AbstractHttpConnection$RequestHandler.content(AbstractHttpConnection.java:998)
	at org.eclipse.jetty.http.HttpParser.parseNext(HttpParser.java:856)
	at org.eclipse.jetty.http.HttpParser.parseAvailable(HttpParser.java:240)
	at org.eclipse.jetty.server.AsyncHttpConnection.handle(AsyncHttpConnection.java:82)
	at org.eclipse.jetty.io.nio.SelectChannelEndPoint.handle(SelectChannelEndPoint.java:628)
	at org.eclipse.jetty.io.nio.SelectChannelEndPoint$1.run(SelectChannelEndPoint.java:52)
	at org.eclipse.jetty.util.thread.QueuedThreadPool.runJob(QueuedThreadPool.java:608)
	at org.eclipse.jetty.util.thread.QueuedThreadPool$3.run(QueuedThreadPool.java:543)
	at java.lang.Thread.run(Thread.java:724)

2015-03-20 12:59:15
[ERROR]-[Thread: qtp1557786708-23]-[PS.admin.tools.ToolDateTime.parse()]: ToolDateTime.parse异常：date值，pattern值yyyy-MM-dd HH:mm:ss

2015-03-20 12:59:15
[ERROR]-[Thread: qtp1557786708-23]-[PS.admin.tools.ToolDateTime.parse()]: ToolDateTime.parse异常：date值，pattern值yyyy-MM-dd HH:mm:ss

2015-03-20 12:59:15
[ERROR]-[Thread: qtp1557786708-23]-[PS.admin.interceptor.AuthenticationInterceptor.intercept()]: exception
java.lang.NullPointerException
	at java.util.Calendar.setTime(Calendar.java:1106)
	at PS.admin.tools.ToolDateTime.getDateSplit(ToolDateTime.java:207)
	at PS.admin.service.ViewMultiLogService.viewMultiLog(ViewMultiLogService.java:21)
	at PS.admin.controller.viewMultiLogController.templateFunctionMethod(viewMultiLogController.java:23)
	at PS.admin.controller.BaseFunctionController.templateMethod(BaseFunctionController.java:17)
	at PS.admin.controller.BaseController.baseIndex(BaseController.java:58)
	at PS.admin.controller.viewMultiLogController.index(viewMultiLogController.java:11)
	at sun.reflect.NativeMethodAccessorImpl.invoke0(Native Method)
	at sun.reflect.NativeMethodAccessorImpl.invoke(NativeMethodAccessorImpl.java:57)
	at sun.reflect.DelegatingMethodAccessorImpl.invoke(DelegatingMethodAccessorImpl.java:43)
	at java.lang.reflect.Method.invoke(Method.java:606)
	at com.jfinal.core.ActionInvocation.invoke(ActionInvocation.java:55)
	at com.jfinal.ext.interceptor.SessionInViewInterceptor.intercept(SessionInViewInterceptor.java:44)
	at com.jfinal.core.ActionInvocation.invoke(ActionInvocation.java:51)
	at PS.admin.interceptor.AuthenticationInterceptor.intercept(AuthenticationInterceptor.java:17)
	at com.jfinal.core.ActionInvocation.invoke(ActionInvocation.java:51)
	at com.jfinal.core.ActionHandler.handle(ActionHandler.java:73)
	at com.jfinal.ext.handler.ContextPathHandler.handle(ContextPathHandler.java:47)
	at com.jfinal.core.JFinalFilter.doFilter(JFinalFilter.java:72)
	at org.eclipse.jetty.servlet.ServletHandler$CachedChain.doFilter(ServletHandler.java:1307)
	at org.eclipse.jetty.servlet.ServletHandler.doHandle(ServletHandler.java:453)
	at org.eclipse.jetty.server.handler.ScopedHandler.handle(ScopedHandler.java:137)
	at org.eclipse.jetty.security.SecurityHandler.handle(SecurityHandler.java:560)
	at org.eclipse.jetty.server.session.SessionHandler.doHandle(SessionHandler.java:231)
	at org.eclipse.jetty.server.handler.ContextHandler.doHandle(ContextHandler.java:1072)
	at org.eclipse.jetty.servlet.ServletHandler.doScope(ServletHandler.java:382)
	at org.eclipse.jetty.server.session.SessionHandler.doScope(SessionHandler.java:193)
	at org.eclipse.jetty.server.handler.ContextHandler.doScope(ContextHandler.java:1006)
	at org.eclipse.jetty.server.handler.ScopedHandler.handle(ScopedHandler.java:135)
	at org.eclipse.jetty.server.handler.ContextHandlerCollection.handle(ContextHandlerCollection.java:255)
	at org.eclipse.jetty.server.handler.HandlerCollection.handle(HandlerCollection.java:154)
	at org.eclipse.jetty.server.handler.HandlerWrapper.handle(HandlerWrapper.java:116)
	at org.eclipse.jetty.server.Server.handle(Server.java:365)
	at org.eclipse.jetty.server.AbstractHttpConnection.handleRequest(AbstractHttpConnection.java:485)
	at org.eclipse.jetty.server.AbstractHttpConnection.content(AbstractHttpConnection.java:937)
	at org.eclipse.jetty.server.AbstractHttpConnection$RequestHandler.content(AbstractHttpConnection.java:998)
	at org.eclipse.jetty.http.HttpParser.parseNext(HttpParser.java:856)
	at org.eclipse.jetty.http.HttpParser.parseAvailable(HttpParser.java:240)
	at org.eclipse.jetty.server.AsyncHttpConnection.handle(AsyncHttpConnection.java:82)
	at org.eclipse.jetty.io.nio.SelectChannelEndPoint.handle(SelectChannelEndPoint.java:628)
	at org.eclipse.jetty.io.nio.SelectChannelEndPoint$1.run(SelectChannelEndPoint.java:52)
	at org.eclipse.jetty.util.thread.QueuedThreadPool.runJob(QueuedThreadPool.java:608)
	at org.eclipse.jetty.util.thread.QueuedThreadPool$3.run(QueuedThreadPool.java:543)
	at java.lang.Thread.run(Thread.java:724)

2015-03-20 12:59:57
[ERROR]-[Thread: qtp1557786708-20]-[PS.admin.tools.ToolDateTime.parse()]: ToolDateTime.parse异常：date值，pattern值yyyy-MM-dd HH:mm:ss

2015-03-20 12:59:57
[ERROR]-[Thread: qtp1557786708-20]-[PS.admin.tools.ToolDateTime.parse()]: ToolDateTime.parse异常：date值，pattern值yyyy-MM-dd HH:mm:ss

2015-03-20 12:59:57
[ERROR]-[Thread: qtp1557786708-20]-[PS.admin.interceptor.AuthenticationInterceptor.intercept()]: exception
java.lang.NullPointerException
	at java.util.Calendar.setTime(Calendar.java:1106)
	at PS.admin.tools.ToolDateTime.getDateSplit(ToolDateTime.java:207)
	at PS.admin.service.ViewMultiLogService.viewMultiLog(ViewMultiLogService.java:21)
	at PS.admin.controller.viewMultiLogController.templateFunctionMethod(viewMultiLogController.java:23)
	at PS.admin.controller.BaseFunctionController.templateMethod(BaseFunctionController.java:17)
	at PS.admin.controller.BaseController.baseIndex(BaseController.java:58)
	at PS.admin.controller.viewMultiLogController.index(viewMultiLogController.java:11)
	at sun.reflect.NativeMethodAccessorImpl.invoke0(Native Method)
	at sun.reflect.NativeMethodAccessorImpl.invoke(NativeMethodAccessorImpl.java:57)
	at sun.reflect.DelegatingMethodAccessorImpl.invoke(DelegatingMethodAccessorImpl.java:43)
	at java.lang.reflect.Method.invoke(Method.java:606)
	at com.jfinal.core.ActionInvocation.invoke(ActionInvocation.java:55)
	at com.jfinal.ext.interceptor.SessionInViewInterceptor.intercept(SessionInViewInterceptor.java:44)
	at com.jfinal.core.ActionInvocation.invoke(ActionInvocation.java:51)
	at PS.admin.interceptor.AuthenticationInterceptor.intercept(AuthenticationInterceptor.java:17)
	at com.jfinal.core.ActionInvocation.invoke(ActionInvocation.java:51)
	at com.jfinal.core.ActionHandler.handle(ActionHandler.java:73)
	at com.jfinal.ext.handler.ContextPathHandler.handle(ContextPathHandler.java:47)
	at com.jfinal.core.JFinalFilter.doFilter(JFinalFilter.java:72)
	at org.eclipse.jetty.servlet.ServletHandler$CachedChain.doFilter(ServletHandler.java:1307)
	at org.eclipse.jetty.servlet.ServletHandler.doHandle(ServletHandler.java:453)
	at org.eclipse.jetty.server.handler.ScopedHandler.handle(ScopedHandler.java:137)
	at org.eclipse.jetty.security.SecurityHandler.handle(SecurityHandler.java:560)
	at org.eclipse.jetty.server.session.SessionHandler.doHandle(SessionHandler.java:231)
	at org.eclipse.jetty.server.handler.ContextHandler.doHandle(ContextHandler.java:1072)
	at org.eclipse.jetty.servlet.ServletHandler.doScope(ServletHandler.java:382)
	at org.eclipse.jetty.server.session.SessionHandler.doScope(SessionHandler.java:193)
	at org.eclipse.jetty.server.handler.ContextHandler.doScope(ContextHandler.java:1006)
	at org.eclipse.jetty.server.handler.ScopedHandler.handle(ScopedHandler.java:135)
	at org.eclipse.jetty.server.handler.ContextHandlerCollection.handle(ContextHandlerCollection.java:255)
	at org.eclipse.jetty.server.handler.HandlerCollection.handle(HandlerCollection.java:154)
	at org.eclipse.jetty.server.handler.HandlerWrapper.handle(HandlerWrapper.java:116)
	at org.eclipse.jetty.server.Server.handle(Server.java:365)
	at org.eclipse.jetty.server.AbstractHttpConnection.handleRequest(AbstractHttpConnection.java:485)
	at org.eclipse.jetty.server.AbstractHttpConnection.content(AbstractHttpConnection.java:937)
	at org.eclipse.jetty.server.AbstractHttpConnection$RequestHandler.content(AbstractHttpConnection.java:998)
	at org.eclipse.jetty.http.HttpParser.parseNext(HttpParser.java:856)
	at org.eclipse.jetty.http.HttpParser.parseAvailable(HttpParser.java:240)
	at org.eclipse.jetty.server.AsyncHttpConnection.handle(AsyncHttpConnection.java:82)
	at org.eclipse.jetty.io.nio.SelectChannelEndPoint.handle(SelectChannelEndPoint.java:628)
	at org.eclipse.jetty.io.nio.SelectChannelEndPoint$1.run(SelectChannelEndPoint.java:52)
	at org.eclipse.jetty.util.thread.QueuedThreadPool.runJob(QueuedThreadPool.java:608)
	at org.eclipse.jetty.util.thread.QueuedThreadPool$3.run(QueuedThreadPool.java:543)
	at java.lang.Thread.run(Thread.java:724)

2015-03-20 13:00:05
[INFO]-[Thread: qtp1557786708-22]-[PS.admin.controller.SelectServerController.templateMethod()]: {6=true, 3=true}

2015-03-20 13:00:10
[ERROR]-[Thread: qtp1557786708-23]-[PS.admin.interceptor.AuthenticationInterceptor.intercept()]: exception
java.lang.NullPointerException
	at PS.admin.controller.viewSingleLogController.templateFunctionMethod(viewSingleLogController.java:16)
	at PS.admin.controller.BaseFunctionController.templateMethod(BaseFunctionController.java:17)
	at PS.admin.controller.BaseController.baseIndex(BaseController.java:58)
	at PS.admin.controller.viewSingleLogController.index(viewSingleLogController.java:11)
	at sun.reflect.GeneratedMethodAccessor30.invoke(Unknown Source)
	at sun.reflect.DelegatingMethodAccessorImpl.invoke(DelegatingMethodAccessorImpl.java:43)
	at java.lang.reflect.Method.invoke(Method.java:606)
	at com.jfinal.core.ActionInvocation.invoke(ActionInvocation.java:55)
	at com.jfinal.ext.interceptor.SessionInViewInterceptor.intercept(SessionInViewInterceptor.java:44)
	at com.jfinal.core.ActionInvocation.invoke(ActionInvocation.java:51)
	at PS.admin.interceptor.AuthenticationInterceptor.intercept(AuthenticationInterceptor.java:17)
	at com.jfinal.core.ActionInvocation.invoke(ActionInvocation.java:51)
	at com.jfinal.core.ActionHandler.handle(ActionHandler.java:73)
	at com.jfinal.ext.handler.ContextPathHandler.handle(ContextPathHandler.java:47)
	at com.jfinal.core.JFinalFilter.doFilter(JFinalFilter.java:72)
	at org.eclipse.jetty.servlet.ServletHandler$CachedChain.doFilter(ServletHandler.java:1307)
	at org.eclipse.jetty.servlet.ServletHandler.doHandle(ServletHandler.java:453)
	at org.eclipse.jetty.server.handler.ScopedHandler.handle(ScopedHandler.java:137)
	at org.eclipse.jetty.security.SecurityHandler.handle(SecurityHandler.java:560)
	at org.eclipse.jetty.server.session.SessionHandler.doHandle(SessionHandler.java:231)
	at org.eclipse.jetty.server.handler.ContextHandler.doHandle(ContextHandler.java:1072)
	at org.eclipse.jetty.servlet.ServletHandler.doScope(ServletHandler.java:382)
	at org.eclipse.jetty.server.session.SessionHandler.doScope(SessionHandler.java:193)
	at org.eclipse.jetty.server.handler.ContextHandler.doScope(ContextHandler.java:1006)
	at org.eclipse.jetty.server.handler.ScopedHandler.handle(ScopedHandler.java:135)
	at org.eclipse.jetty.server.handler.ContextHandlerCollection.handle(ContextHandlerCollection.java:255)
	at org.eclipse.jetty.server.handler.HandlerCollection.handle(HandlerCollection.java:154)
	at org.eclipse.jetty.server.handler.HandlerWrapper.handle(HandlerWrapper.java:116)
	at org.eclipse.jetty.server.Server.handle(Server.java:365)
	at org.eclipse.jetty.server.AbstractHttpConnection.handleRequest(AbstractHttpConnection.java:485)
	at org.eclipse.jetty.server.AbstractHttpConnection.content(AbstractHttpConnection.java:937)
	at org.eclipse.jetty.server.AbstractHttpConnection$RequestHandler.content(AbstractHttpConnection.java:998)
	at org.eclipse.jetty.http.HttpParser.parseNext(HttpParser.java:856)
	at org.eclipse.jetty.http.HttpParser.parseAvailable(HttpParser.java:240)
	at org.eclipse.jetty.server.AsyncHttpConnection.handle(AsyncHttpConnection.java:82)
	at org.eclipse.jetty.io.nio.SelectChannelEndPoint.handle(SelectChannelEndPoint.java:628)
	at org.eclipse.jetty.io.nio.SelectChannelEndPoint$1.run(SelectChannelEndPoint.java:52)
	at org.eclipse.jetty.util.thread.QueuedThreadPool.runJob(QueuedThreadPool.java:608)
	at org.eclipse.jetty.util.thread.QueuedThreadPool$3.run(QueuedThreadPool.java:543)
	at java.lang.Thread.run(Thread.java:724)

2015-03-20 13:00:21
[ERROR]-[Thread: qtp1557786708-21]-[PS.admin.tools.ToolDateTime.parse()]: ToolDateTime.parse异常：date值，pattern值yyyy-MM-dd HH:mm:ss

2015-03-20 13:00:21
[ERROR]-[Thread: qtp1557786708-21]-[PS.admin.tools.ToolDateTime.parse()]: ToolDateTime.parse异常：date值，pattern值yyyy-MM-dd HH:mm:ss

2015-03-20 13:00:21
[ERROR]-[Thread: qtp1557786708-21]-[PS.admin.interceptor.AuthenticationInterceptor.intercept()]: exception
java.lang.NullPointerException
	at java.util.Calendar.setTime(Calendar.java:1106)
	at PS.admin.tools.ToolDateTime.getDateSplit(ToolDateTime.java:207)
	at PS.admin.service.ViewMultiLogService.viewMultiLog(ViewMultiLogService.java:21)
	at PS.admin.controller.viewMultiLogController.templateFunctionMethod(viewMultiLogController.java:23)
	at PS.admin.controller.BaseFunctionController.templateMethod(BaseFunctionController.java:17)
	at PS.admin.controller.BaseController.baseIndex(BaseController.java:58)
	at PS.admin.controller.viewMultiLogController.index(viewMultiLogController.java:11)
	at sun.reflect.NativeMethodAccessorImpl.invoke0(Native Method)
	at sun.reflect.NativeMethodAccessorImpl.invoke(NativeMethodAccessorImpl.java:57)
	at sun.reflect.DelegatingMethodAccessorImpl.invoke(DelegatingMethodAccessorImpl.java:43)
	at java.lang.reflect.Method.invoke(Method.java:606)
	at com.jfinal.core.ActionInvocation.invoke(ActionInvocation.java:55)
	at com.jfinal.ext.interceptor.SessionInViewInterceptor.intercept(SessionInViewInterceptor.java:44)
	at com.jfinal.core.ActionInvocation.invoke(ActionInvocation.java:51)
	at PS.admin.interceptor.AuthenticationInterceptor.intercept(AuthenticationInterceptor.java:17)
	at com.jfinal.core.ActionInvocation.invoke(ActionInvocation.java:51)
	at com.jfinal.core.ActionHandler.handle(ActionHandler.java:73)
	at com.jfinal.ext.handler.ContextPathHandler.handle(ContextPathHandler.java:47)
	at com.jfinal.core.JFinalFilter.doFilter(JFinalFilter.java:72)
	at org.eclipse.jetty.servlet.ServletHandler$CachedChain.doFilter(ServletHandler.java:1307)
	at org.eclipse.jetty.servlet.ServletHandler.doHandle(ServletHandler.java:453)
	at org.eclipse.jetty.server.handler.ScopedHandler.handle(ScopedHandler.java:137)
	at org.eclipse.jetty.security.SecurityHandler.handle(SecurityHandler.java:560)
	at org.eclipse.jetty.server.session.SessionHandler.doHandle(SessionHandler.java:231)
	at org.eclipse.jetty.server.handler.ContextHandler.doHandle(ContextHandler.java:1072)
	at org.eclipse.jetty.servlet.ServletHandler.doScope(ServletHandler.java:382)
	at org.eclipse.jetty.server.session.SessionHandler.doScope(SessionHandler.java:193)
	at org.eclipse.jetty.server.handler.ContextHandler.doScope(ContextHandler.java:1006)
	at org.eclipse.jetty.server.handler.ScopedHandler.handle(ScopedHandler.java:135)
	at org.eclipse.jetty.server.handler.ContextHandlerCollection.handle(ContextHandlerCollection.java:255)
	at org.eclipse.jetty.server.handler.HandlerCollection.handle(HandlerCollection.java:154)
	at org.eclipse.jetty.server.handler.HandlerWrapper.handle(HandlerWrapper.java:116)
	at org.eclipse.jetty.server.Server.handle(Server.java:365)
	at org.eclipse.jetty.server.AbstractHttpConnection.handleRequest(AbstractHttpConnection.java:485)
	at org.eclipse.jetty.server.AbstractHttpConnection.content(AbstractHttpConnection.java:937)
	at org.eclipse.jetty.server.AbstractHttpConnection$RequestHandler.content(AbstractHttpConnection.java:998)
	at org.eclipse.jetty.http.HttpParser.parseNext(HttpParser.java:856)
	at org.eclipse.jetty.http.HttpParser.parseAvailable(HttpParser.java:240)
	at org.eclipse.jetty.server.AsyncHttpConnection.handle(AsyncHttpConnection.java:82)
	at org.eclipse.jetty.io.nio.SelectChannelEndPoint.handle(SelectChannelEndPoint.java:628)
	at org.eclipse.jetty.io.nio.SelectChannelEndPoint$1.run(SelectChannelEndPoint.java:52)
	at org.eclipse.jetty.util.thread.QueuedThreadPool.runJob(QueuedThreadPool.java:608)
	at org.eclipse.jetty.util.thread.QueuedThreadPool$3.run(QueuedThreadPool.java:543)
	at java.lang.Thread.run(Thread.java:724)

2015-03-20 13:00:29
[ERROR]-[Thread: qtp1557786708-23]-[PS.admin.tools.ToolDateTime.parse()]: ToolDateTime.parse异常：date值，pattern值yyyy-MM-dd HH:mm:ss

2015-03-20 13:00:29
[ERROR]-[Thread: qtp1557786708-23]-[PS.admin.tools.ToolDateTime.parse()]: ToolDateTime.parse异常：date值，pattern值yyyy-MM-dd HH:mm:ss

2015-03-20 13:00:29
[ERROR]-[Thread: qtp1557786708-23]-[PS.admin.interceptor.AuthenticationInterceptor.intercept()]: exception
java.lang.NullPointerException
	at java.util.Calendar.setTime(Calendar.java:1106)
	at PS.admin.tools.ToolDateTime.getDateSplit(ToolDateTime.java:207)
	at PS.admin.service.ViewMultiLogService.viewMultiLog(ViewMultiLogService.java:21)
	at PS.admin.controller.viewMultiLogController.templateFunctionMethod(viewMultiLogController.java:23)
	at PS.admin.controller.BaseFunctionController.templateMethod(BaseFunctionController.java:17)
	at PS.admin.controller.BaseController.baseIndex(BaseController.java:58)
	at PS.admin.controller.viewMultiLogController.index(viewMultiLogController.java:11)
	at sun.reflect.NativeMethodAccessorImpl.invoke0(Native Method)
	at sun.reflect.NativeMethodAccessorImpl.invoke(NativeMethodAccessorImpl.java:57)
	at sun.reflect.DelegatingMethodAccessorImpl.invoke(DelegatingMethodAccessorImpl.java:43)
	at java.lang.reflect.Method.invoke(Method.java:606)
	at com.jfinal.core.ActionInvocation.invoke(ActionInvocation.java:55)
	at com.jfinal.ext.interceptor.SessionInViewInterceptor.intercept(SessionInViewInterceptor.java:44)
	at com.jfinal.core.ActionInvocation.invoke(ActionInvocation.java:51)
	at PS.admin.interceptor.AuthenticationInterceptor.intercept(AuthenticationInterceptor.java:17)
	at com.jfinal.core.ActionInvocation.invoke(ActionInvocation.java:51)
	at com.jfinal.core.ActionHandler.handle(ActionHandler.java:73)
	at com.jfinal.ext.handler.ContextPathHandler.handle(ContextPathHandler.java:47)
	at com.jfinal.core.JFinalFilter.doFilter(JFinalFilter.java:72)
	at org.eclipse.jetty.servlet.ServletHandler$CachedChain.doFilter(ServletHandler.java:1307)
	at org.eclipse.jetty.servlet.ServletHandler.doHandle(ServletHandler.java:453)
	at org.eclipse.jetty.server.handler.ScopedHandler.handle(ScopedHandler.java:137)
	at org.eclipse.jetty.security.SecurityHandler.handle(SecurityHandler.java:560)
	at org.eclipse.jetty.server.session.SessionHandler.doHandle(SessionHandler.java:231)
	at org.eclipse.jetty.server.handler.ContextHandler.doHandle(ContextHandler.java:1072)
	at org.eclipse.jetty.servlet.ServletHandler.doScope(ServletHandler.java:382)
	at org.eclipse.jetty.server.session.SessionHandler.doScope(SessionHandler.java:193)
	at org.eclipse.jetty.server.handler.ContextHandler.doScope(ContextHandler.java:1006)
	at org.eclipse.jetty.server.handler.ScopedHandler.handle(ScopedHandler.java:135)
	at org.eclipse.jetty.server.handler.ContextHandlerCollection.handle(ContextHandlerCollection.java:255)
	at org.eclipse.jetty.server.handler.HandlerCollection.handle(HandlerCollection.java:154)
	at org.eclipse.jetty.server.handler.HandlerWrapper.handle(HandlerWrapper.java:116)
	at org.eclipse.jetty.server.Server.handle(Server.java:365)
	at org.eclipse.jetty.server.AbstractHttpConnection.handleRequest(AbstractHttpConnection.java:485)
	at org.eclipse.jetty.server.AbstractHttpConnection.content(AbstractHttpConnection.java:937)
	at org.eclipse.jetty.server.AbstractHttpConnection$RequestHandler.content(AbstractHttpConnection.java:998)
	at org.eclipse.jetty.http.HttpParser.parseNext(HttpParser.java:856)
	at org.eclipse.jetty.http.HttpParser.parseAvailable(HttpParser.java:240)
	at org.eclipse.jetty.server.AsyncHttpConnection.handle(AsyncHttpConnection.java:82)
	at org.eclipse.jetty.io.nio.SelectChannelEndPoint.handle(SelectChannelEndPoint.java:628)
	at org.eclipse.jetty.io.nio.SelectChannelEndPoint$1.run(SelectChannelEndPoint.java:52)
	at org.eclipse.jetty.util.thread.QueuedThreadPool.runJob(QueuedThreadPool.java:608)
	at org.eclipse.jetty.util.thread.QueuedThreadPool$3.run(QueuedThreadPool.java:543)
	at java.lang.Thread.run(Thread.java:724)

2015-03-20 13:01:03
[ERROR]-[Thread: qtp1557786708-21]-[PS.admin.tools.ToolDateTime.parse()]: ToolDateTime.parse异常：date值，pattern值yyyy-MM-dd HH:mm:ss

2015-03-20 13:01:03
[ERROR]-[Thread: qtp1557786708-21]-[PS.admin.tools.ToolDateTime.parse()]: ToolDateTime.parse异常：date值，pattern值yyyy-MM-dd HH:mm:ss

2015-03-20 13:01:03
[ERROR]-[Thread: qtp1557786708-21]-[PS.admin.interceptor.AuthenticationInterceptor.intercept()]: exception
java.lang.NullPointerException
	at java.util.Calendar.setTime(Calendar.java:1106)
	at PS.admin.tools.ToolDateTime.getDateSplit(ToolDateTime.java:207)
	at PS.admin.service.ViewMultiLogService.viewMultiLog(ViewMultiLogService.java:21)
	at PS.admin.controller.viewMultiLogController.templateFunctionMethod(viewMultiLogController.java:23)
	at PS.admin.controller.BaseFunctionController.templateMethod(BaseFunctionController.java:17)
	at PS.admin.controller.BaseController.baseIndex(BaseController.java:58)
	at PS.admin.controller.viewMultiLogController.index(viewMultiLogController.java:11)
	at sun.reflect.NativeMethodAccessorImpl.invoke0(Native Method)
	at sun.reflect.NativeMethodAccessorImpl.invoke(NativeMethodAccessorImpl.java:57)
	at sun.reflect.DelegatingMethodAccessorImpl.invoke(DelegatingMethodAccessorImpl.java:43)
	at java.lang.reflect.Method.invoke(Method.java:606)
	at com.jfinal.core.ActionInvocation.invoke(ActionInvocation.java:55)
	at com.jfinal.ext.interceptor.SessionInViewInterceptor.intercept(SessionInViewInterceptor.java:44)
	at com.jfinal.core.ActionInvocation.invoke(ActionInvocation.java:51)
	at PS.admin.interceptor.AuthenticationInterceptor.intercept(AuthenticationInterceptor.java:17)
	at com.jfinal.core.ActionInvocation.invoke(ActionInvocation.java:51)
	at com.jfinal.core.ActionHandler.handle(ActionHandler.java:73)
	at com.jfinal.ext.handler.ContextPathHandler.handle(ContextPathHandler.java:47)
	at com.jfinal.core.JFinalFilter.doFilter(JFinalFilter.java:72)
	at org.eclipse.jetty.servlet.ServletHandler$CachedChain.doFilter(ServletHandler.java:1307)
	at org.eclipse.jetty.servlet.ServletHandler.doHandle(ServletHandler.java:453)
	at org.eclipse.jetty.server.handler.ScopedHandler.handle(ScopedHandler.java:137)
	at org.eclipse.jetty.security.SecurityHandler.handle(SecurityHandler.java:560)
	at org.eclipse.jetty.server.session.SessionHandler.doHandle(SessionHandler.java:231)
	at org.eclipse.jetty.server.handler.ContextHandler.doHandle(ContextHandler.java:1072)
	at org.eclipse.jetty.servlet.ServletHandler.doScope(ServletHandler.java:382)
	at org.eclipse.jetty.server.session.SessionHandler.doScope(SessionHandler.java:193)
	at org.eclipse.jetty.server.handler.ContextHandler.doScope(ContextHandler.java:1006)
	at org.eclipse.jetty.server.handler.ScopedHandler.handle(ScopedHandler.java:135)
	at org.eclipse.jetty.server.handler.ContextHandlerCollection.handle(ContextHandlerCollection.java:255)
	at org.eclipse.jetty.server.handler.HandlerCollection.handle(HandlerCollection.java:154)
	at org.eclipse.jetty.server.handler.HandlerWrapper.handle(HandlerWrapper.java:116)
	at org.eclipse.jetty.server.Server.handle(Server.java:365)
	at org.eclipse.jetty.server.AbstractHttpConnection.handleRequest(AbstractHttpConnection.java:485)
	at org.eclipse.jetty.server.AbstractHttpConnection.content(AbstractHttpConnection.java:937)
	at org.eclipse.jetty.server.AbstractHttpConnection$RequestHandler.content(AbstractHttpConnection.java:998)
	at org.eclipse.jetty.http.HttpParser.parseNext(HttpParser.java:856)
	at org.eclipse.jetty.http.HttpParser.parseAvailable(HttpParser.java:240)
	at org.eclipse.jetty.server.AsyncHttpConnection.handle(AsyncHttpConnection.java:82)
	at org.eclipse.jetty.io.nio.SelectChannelEndPoint.handle(SelectChannelEndPoint.java:628)
	at org.eclipse.jetty.io.nio.SelectChannelEndPoint$1.run(SelectChannelEndPoint.java:52)
	at org.eclipse.jetty.util.thread.QueuedThreadPool.runJob(QueuedThreadPool.java:608)
	at org.eclipse.jetty.util.thread.QueuedThreadPool$3.run(QueuedThreadPool.java:543)
	at java.lang.Thread.run(Thread.java:724)

2015-03-20 13:03:18
[ERROR]-[Thread: qtp1557786708-20]-[PS.admin.interceptor.AuthenticationInterceptor.intercept()]: exception
java.lang.NullPointerException
	at PS.admin.controller.viewSingleLogController.templateFunctionMethod(viewSingleLogController.java:16)
	at PS.admin.controller.BaseFunctionController.templateMethod(BaseFunctionController.java:17)
	at PS.admin.controller.BaseController.baseIndex(BaseController.java:58)
	at PS.admin.controller.viewSingleLogController.index(viewSingleLogController.java:11)
	at sun.reflect.GeneratedMethodAccessor30.invoke(Unknown Source)
	at sun.reflect.DelegatingMethodAccessorImpl.invoke(DelegatingMethodAccessorImpl.java:43)
	at java.lang.reflect.Method.invoke(Method.java:606)
	at com.jfinal.core.ActionInvocation.invoke(ActionInvocation.java:55)
	at com.jfinal.ext.interceptor.SessionInViewInterceptor.intercept(SessionInViewInterceptor.java:44)
	at com.jfinal.core.ActionInvocation.invoke(ActionInvocation.java:51)
	at PS.admin.interceptor.AuthenticationInterceptor.intercept(AuthenticationInterceptor.java:17)
	at com.jfinal.core.ActionInvocation.invoke(ActionInvocation.java:51)
	at com.jfinal.core.ActionHandler.handle(ActionHandler.java:73)
	at com.jfinal.ext.handler.ContextPathHandler.handle(ContextPathHandler.java:47)
	at com.jfinal.core.JFinalFilter.doFilter(JFinalFilter.java:72)
	at org.eclipse.jetty.servlet.ServletHandler$CachedChain.doFilter(ServletHandler.java:1307)
	at org.eclipse.jetty.servlet.ServletHandler.doHandle(ServletHandler.java:453)
	at org.eclipse.jetty.server.handler.ScopedHandler.handle(ScopedHandler.java:137)
	at org.eclipse.jetty.security.SecurityHandler.handle(SecurityHandler.java:560)
	at org.eclipse.jetty.server.session.SessionHandler.doHandle(SessionHandler.java:231)
	at org.eclipse.jetty.server.handler.ContextHandler.doHandle(ContextHandler.java:1072)
	at org.eclipse.jetty.servlet.ServletHandler.doScope(ServletHandler.java:382)
	at org.eclipse.jetty.server.session.SessionHandler.doScope(SessionHandler.java:193)
	at org.eclipse.jetty.server.handler.ContextHandler.doScope(ContextHandler.java:1006)
	at org.eclipse.jetty.server.handler.ScopedHandler.handle(ScopedHandler.java:135)
	at org.eclipse.jetty.server.handler.ContextHandlerCollection.handle(ContextHandlerCollection.java:255)
	at org.eclipse.jetty.server.handler.HandlerCollection.handle(HandlerCollection.java:154)
	at org.eclipse.jetty.server.handler.HandlerWrapper.handle(HandlerWrapper.java:116)
	at org.eclipse.jetty.server.Server.handle(Server.java:365)
	at org.eclipse.jetty.server.AbstractHttpConnection.handleRequest(AbstractHttpConnection.java:485)
	at org.eclipse.jetty.server.AbstractHttpConnection.content(AbstractHttpConnection.java:937)
	at org.eclipse.jetty.server.AbstractHttpConnection$RequestHandler.content(AbstractHttpConnection.java:998)
	at org.eclipse.jetty.http.HttpParser.parseNext(HttpParser.java:856)
	at org.eclipse.jetty.http.HttpParser.parseAvailable(HttpParser.java:240)
	at org.eclipse.jetty.server.AsyncHttpConnection.handle(AsyncHttpConnection.java:82)
	at org.eclipse.jetty.io.nio.SelectChannelEndPoint.handle(SelectChannelEndPoint.java:628)
	at org.eclipse.jetty.io.nio.SelectChannelEndPoint$1.run(SelectChannelEndPoint.java:52)
	at org.eclipse.jetty.util.thread.QueuedThreadPool.runJob(QueuedThreadPool.java:608)
	at org.eclipse.jetty.util.thread.QueuedThreadPool$3.run(QueuedThreadPool.java:543)
	at java.lang.Thread.run(Thread.java:724)

2015-03-20 13:04:47
[ERROR]-[Thread: qtp1557786708-22]-[PS.admin.interceptor.AuthenticationInterceptor.intercept()]: exception
java.lang.NullPointerException
	at PS.admin.controller.viewSingleLogController.templateFunctionMethod(viewSingleLogController.java:16)
	at PS.admin.controller.BaseFunctionController.templateMethod(BaseFunctionController.java:17)
	at PS.admin.controller.BaseController.baseIndex(BaseController.java:58)
	at PS.admin.controller.viewSingleLogController.index(viewSingleLogController.java:11)
	at sun.reflect.GeneratedMethodAccessor30.invoke(Unknown Source)
	at sun.reflect.DelegatingMethodAccessorImpl.invoke(DelegatingMethodAccessorImpl.java:43)
	at java.lang.reflect.Method.invoke(Method.java:606)
	at com.jfinal.core.ActionInvocation.invoke(ActionInvocation.java:55)
	at com.jfinal.ext.interceptor.SessionInViewInterceptor.intercept(SessionInViewInterceptor.java:44)
	at com.jfinal.core.ActionInvocation.invoke(ActionInvocation.java:51)
	at PS.admin.interceptor.AuthenticationInterceptor.intercept(AuthenticationInterceptor.java:17)
	at com.jfinal.core.ActionInvocation.invoke(ActionInvocation.java:51)
	at com.jfinal.core.ActionHandler.handle(ActionHandler.java:73)
	at com.jfinal.ext.handler.ContextPathHandler.handle(ContextPathHandler.java:47)
	at com.jfinal.core.JFinalFilter.doFilter(JFinalFilter.java:72)
	at org.eclipse.jetty.servlet.ServletHandler$CachedChain.doFilter(ServletHandler.java:1307)
	at org.eclipse.jetty.servlet.ServletHandler.doHandle(ServletHandler.java:453)
	at org.eclipse.jetty.server.handler.ScopedHandler.handle(ScopedHandler.java:137)
	at org.eclipse.jetty.security.SecurityHandler.handle(SecurityHandler.java:560)
	at org.eclipse.jetty.server.session.SessionHandler.doHandle(SessionHandler.java:231)
	at org.eclipse.jetty.server.handler.ContextHandler.doHandle(ContextHandler.java:1072)
	at org.eclipse.jetty.servlet.ServletHandler.doScope(ServletHandler.java:382)
	at org.eclipse.jetty.server.session.SessionHandler.doScope(SessionHandler.java:193)
	at org.eclipse.jetty.server.handler.ContextHandler.doScope(ContextHandler.java:1006)
	at org.eclipse.jetty.server.handler.ScopedHandler.handle(ScopedHandler.java:135)
	at org.eclipse.jetty.server.handler.ContextHandlerCollection.handle(ContextHandlerCollection.java:255)
	at org.eclipse.jetty.server.handler.HandlerCollection.handle(HandlerCollection.java:154)
	at org.eclipse.jetty.server.handler.HandlerWrapper.handle(HandlerWrapper.java:116)
	at org.eclipse.jetty.server.Server.handle(Server.java:365)
	at org.eclipse.jetty.server.AbstractHttpConnection.handleRequest(AbstractHttpConnection.java:485)
	at org.eclipse.jetty.server.AbstractHttpConnection.content(AbstractHttpConnection.java:937)
	at org.eclipse.jetty.server.AbstractHttpConnection$RequestHandler.content(AbstractHttpConnection.java:998)
	at org.eclipse.jetty.http.HttpParser.parseNext(HttpParser.java:856)
	at org.eclipse.jetty.http.HttpParser.parseAvailable(HttpParser.java:240)
	at org.eclipse.jetty.server.AsyncHttpConnection.handle(AsyncHttpConnection.java:82)
	at org.eclipse.jetty.io.nio.SelectChannelEndPoint.handle(SelectChannelEndPoint.java:628)
	at org.eclipse.jetty.io.nio.SelectChannelEndPoint$1.run(SelectChannelEndPoint.java:52)
	at org.eclipse.jetty.util.thread.QueuedThreadPool.runJob(QueuedThreadPool.java:608)
	at org.eclipse.jetty.util.thread.QueuedThreadPool$3.run(QueuedThreadPool.java:543)
	at java.lang.Thread.run(Thread.java:724)

2015-03-20 13:05:05
[INFO]-[Thread: qtp1557786708-23]-[PS.admin.controller.SelectServerController.templateMethod()]: {6=true, 3=true}

2015-03-20 13:05:10
[ERROR]-[Thread: qtp1557786708-19]-[PS.admin.interceptor.AuthenticationInterceptor.intercept()]: exception
java.lang.NullPointerException
	at PS.admin.controller.viewSingleLogController.templateFunctionMethod(viewSingleLogController.java:16)
	at PS.admin.controller.BaseFunctionController.templateMethod(BaseFunctionController.java:17)
	at PS.admin.controller.BaseController.baseIndex(BaseController.java:58)
	at PS.admin.controller.viewSingleLogController.index(viewSingleLogController.java:11)
	at sun.reflect.GeneratedMethodAccessor30.invoke(Unknown Source)
	at sun.reflect.DelegatingMethodAccessorImpl.invoke(DelegatingMethodAccessorImpl.java:43)
	at java.lang.reflect.Method.invoke(Method.java:606)
	at com.jfinal.core.ActionInvocation.invoke(ActionInvocation.java:55)
	at com.jfinal.ext.interceptor.SessionInViewInterceptor.intercept(SessionInViewInterceptor.java:44)
	at com.jfinal.core.ActionInvocation.invoke(ActionInvocation.java:51)
	at PS.admin.interceptor.AuthenticationInterceptor.intercept(AuthenticationInterceptor.java:17)
	at com.jfinal.core.ActionInvocation.invoke(ActionInvocation.java:51)
	at com.jfinal.core.ActionHandler.handle(ActionHandler.java:73)
	at com.jfinal.ext.handler.ContextPathHandler.handle(ContextPathHandler.java:47)
	at com.jfinal.core.JFinalFilter.doFilter(JFinalFilter.java:72)
	at org.eclipse.jetty.servlet.ServletHandler$CachedChain.doFilter(ServletHandler.java:1307)
	at org.eclipse.jetty.servlet.ServletHandler.doHandle(ServletHandler.java:453)
	at org.eclipse.jetty.server.handler.ScopedHandler.handle(ScopedHandler.java:137)
	at org.eclipse.jetty.security.SecurityHandler.handle(SecurityHandler.java:560)
	at org.eclipse.jetty.server.session.SessionHandler.doHandle(SessionHandler.java:231)
	at org.eclipse.jetty.server.handler.ContextHandler.doHandle(ContextHandler.java:1072)
	at org.eclipse.jetty.servlet.ServletHandler.doScope(ServletHandler.java:382)
	at org.eclipse.jetty.server.session.SessionHandler.doScope(SessionHandler.java:193)
	at org.eclipse.jetty.server.handler.ContextHandler.doScope(ContextHandler.java:1006)
	at org.eclipse.jetty.server.handler.ScopedHandler.handle(ScopedHandler.java:135)
	at org.eclipse.jetty.server.handler.ContextHandlerCollection.handle(ContextHandlerCollection.java:255)
	at org.eclipse.jetty.server.handler.HandlerCollection.handle(HandlerCollection.java:154)
	at org.eclipse.jetty.server.handler.HandlerWrapper.handle(HandlerWrapper.java:116)
	at org.eclipse.jetty.server.Server.handle(Server.java:365)
	at org.eclipse.jetty.server.AbstractHttpConnection.handleRequest(AbstractHttpConnection.java:485)
	at org.eclipse.jetty.server.AbstractHttpConnection.content(AbstractHttpConnection.java:937)
	at org.eclipse.jetty.server.AbstractHttpConnection$RequestHandler.content(AbstractHttpConnection.java:998)
	at org.eclipse.jetty.http.HttpParser.parseNext(HttpParser.java:856)
	at org.eclipse.jetty.http.HttpParser.parseAvailable(HttpParser.java:240)
	at org.eclipse.jetty.server.AsyncHttpConnection.handle(AsyncHttpConnection.java:82)
	at org.eclipse.jetty.io.nio.SelectChannelEndPoint.handle(SelectChannelEndPoint.java:628)
	at org.eclipse.jetty.io.nio.SelectChannelEndPoint$1.run(SelectChannelEndPoint.java:52)
	at org.eclipse.jetty.util.thread.QueuedThreadPool.runJob(QueuedThreadPool.java:608)
	at org.eclipse.jetty.util.thread.QueuedThreadPool$3.run(QueuedThreadPool.java:543)
	at java.lang.Thread.run(Thread.java:724)

2015-03-20 13:05:43
[INFO]-[Thread: qtp1710938182-20]-[PS.admin.service.SelectSvService.getDBInfo()]: http://192.168.11.114:8080/PSServer/GetIP.do

2015-03-20 13:05:43
[INFO]-[Thread: qtp1710938182-20]-[PS.admin.service.SelectSvService.getDBInfo()]: 192.168.11.114:3306/pslog-----------192.168.11.114:3306/psworld

2015-03-20 13:05:43
[INFO]-[Thread: qtp1710938182-20]-[PS.admin.controller.SelectServerController.templateMethod()]: {}

2015-03-20 13:05:43
[INFO]-[Thread: qtp1710938182-20]-[PS.admin.tools.CommonUtil.connectLogDB()]: url=jdbc:mysql://192.168.11.114:3306/psloguser=rootpsw=0393580423

2015-03-20 13:05:43
[INFO]-[Thread: qtp1710938182-20]-[PS.admin.tools.CommonUtil.connectLogDB()]: 连接--6_logdb--成功

2015-03-20 13:05:43
[INFO]-[Thread: qtp1710938182-20]-[PS.admin.tools.CommonUtil.connectGameDB()]: url=jdbc:mysql://192.168.11.114:3306/psworld

2015-03-20 13:05:43
[INFO]-[Thread: qtp1710938182-20]-[PS.admin.tools.CommonUtil.connectGameDB()]: 连接--6_gamedb--成功
